<?xml version="1.0" encoding="UTF-8"?>
<testng-results ignored="0" total="1" passed="1" failed="0" skipped="0">
  <reporter-output>
  </reporter-output>
  <suite started-at="2025-07-16T11:45:16 IST" name="Default suite" finished-at="2025-07-16T11:45:19 IST" duration-ms="3557">
    <groups>
    </groups>
    <test started-at="2025-07-16T11:45:16 IST" name="Default test" finished-at="2025-07-16T11:45:19 IST" duration-ms="3557">
      <class name="testScript.LoginTest">
        <test-method is-config="true" signature="initializeBrowser()[pri:0, instance:testScript.LoginTest@68999068]" started-at="2025-07-16T11:45:16 IST" name="initializeBrowser" finished-at="2025-07-16T11:45:19 IST" duration-ms="2737" status="PASS">
          <reporter-output>
          </reporter-output>
        </test-method> <!-- initializeBrowser -->
        <test-method signature="verifyWhetherUserIsAbleToLoginWithValidCredential()[pri:0, instance:testScript.LoginTest@68999068]" started-at="2025-07-16T11:45:19 IST" name="verifyWhetherUserIsAbleToLoginWithValidCredential" finished-at="2025-07-16T11:45:19 IST" duration-ms="759" status="PASS">
          <reporter-output>
          </reporter-output>
        </test-method> <!-- verifyWhetherUserIsAbleToLoginWithValidCredential -->
        <test-method is-config="true" signature="browserClose()[pri:0, instance:testScript.LoginTest@68999068]" started-at="2025-07-16T11:45:19 IST" name="browserClose" finished-at="2025-07-16T11:45:19 IST" duration-ms="1" status="PASS">
          <reporter-output>
          </reporter-output>
        </test-method> <!-- browserClose -->
      </class> <!-- testScript.LoginTest -->
    </test> <!-- Default test -->
  </suite> <!-- Default suite -->
</testng-results>
