<?xml version="1.0" encoding="UTF-8"?>
<!-- Generated by org.testng.reporters.JUnitXMLReporter -->
<testsuite ignored="3" hostname="DESKTOP-16JJG09" failures="0" tests="1" name="Default test" time="3.557" errors="0" timestamp="2025-07-16T11:45:19 IST">
  <testcase classname="testScript.LoginTest" name="verifyWhetherUserIsAbleToLoginWithValidCredential" time="0.759"/>
  <testcase classname="testScript.LoginTest" name="verifyWhetherUserIsAbleToLoginWithValidPasswordInvalidUsername" time="0.0">
    <ignored/>
  </testcase> <!-- verifyWhetherUserIsAbleToLoginWithValidPasswordInvalidUsername -->
  <testcase classname="testScript.LoginTest" name="verifyWhetherUserIsAbleToLoginWithInValidPasswordInValidUsername" time="0.0">
    <ignored/>
  </testcase> <!-- verifyWhetherUserIsAbleToLoginWithInValidPasswordInValidUsername -->
  <testcase classname="testScript.LoginTest" name="verifyWhetherUserIsAbleToLoginWithInValidPasswordValidUsername" time="0.0">
    <ignored/>
  </testcase> <!-- verifyWhetherUserIsAbleToLoginWithInValidPasswordValidUsername -->
</testsuite> <!-- Default test -->
