<?xml version="1.0" encoding="UTF-8"?>
<!-- Generated by org.testng.reporters.JUnitXMLReporter -->
<testsuite ignored="0" hostname="DESKTOP-16JJG09" failures="0" tests="4" name="Default test" time="10.319" errors="0" timestamp="2025-09-02T14:49:40 IST">
  <testcase classname="testScript.LoginTest" name="verifyWhetherUserIsAbleToLoginWithInValidPasswordInValidUsername" time="1.926"/>
  <testcase classname="testScript.LoginTest" name="verifyWhetherUserIsAbleToLoginWithInValidPasswordValidUsername" time="0.394"/>
  <testcase classname="testScript.LoginTest" name="verifyWhetherUserIsAbleToLoginWithValidCredential" time="0.592"/>
  <testcase classname="testScript.LoginTest" name="verifyWhetherUserIsAbleToLoginWithValidPasswordInvalidUsername" time="0.396"/>
</testsuite> <!-- Default test -->
